<?xml version="1.0" encoding="UTF-8"?>
<robot generator="Robot 3.1.2 (Python 3.8.0 on win32)" generated="20191210 00:47:08.472" rpa="false">
<suite id="s1" name="RobotProject1" source="C:\Users\Administrator\eclipse-workspace\RobotProject1">
<suite id="s1-s1" name="Test1" source="C:\Users\Administrator\eclipse-workspace\RobotProject1\Test1">
<suite id="s1-s1-s1" name="TestSuite1" source="C:\Users\Administrator\eclipse-workspace\RobotProject1\Test1\TestSuite1.robot">
<test id="s1-s1-s1-t1" name="LoginSeleniumTest">
<kw name="Open Browser" library="SeleniumLibrary" type="setup">
<doc>Opens a new browser instance to the optional ``url``.</doc>
<arguments>
<arg>${url}</arg>
<arg>chrome</arg>
</arguments>
<msg timestamp="20191210 00:47:08.914" level="INFO">Opening browser 'chrome' to base url 'https://opensource-demo.orangehrmlive.com/'.</msg>
<status status="PASS" starttime="20191210 00:47:08.913" endtime="20191210 00:47:17.950"></status>
</kw>
<kw name="Set Browser Implicit Wait" library="SeleniumLibrary">
<doc>Sets the implicit wait value used by Selenium.</doc>
<arguments>
<arg>5</arg>
</arguments>
<status status="PASS" starttime="20191210 00:47:17.951" endtime="20191210 00:47:17.952"></status>
</kw>
<kw name="LoginKW">
<kw name="Input Text" library="SeleniumLibrary">
<doc>Types the given ``text`` into the text field identified by ``locator``.</doc>
<arguments>
<arg>id=txtUsername</arg>
<arg>@{credentials}[0]</arg>
</arguments>
<msg timestamp="20191210 00:47:17.953" level="INFO">Typing text 'Admin' into text field 'id=txtUsername'.</msg>
<status status="PASS" starttime="20191210 00:47:17.953" endtime="20191210 00:47:18.050"></status>
</kw>
<kw name="Input Password" library="SeleniumLibrary">
<doc>Types the given password into the text field identified by ``locator``.</doc>
<arguments>
<arg>id=txtPassword</arg>
<arg>&amp;{credential}[password]</arg>
</arguments>
<msg timestamp="20191210 00:47:18.051" level="INFO">Typing password into text field 'id=txtPassword'.</msg>
<status status="PASS" starttime="20191210 00:47:18.050" endtime="20191210 00:47:18.134"></status>
</kw>
<kw name="Click Button" library="SeleniumLibrary">
<doc>Clicks the button identified by ``locator``.</doc>
<arguments>
<arg>id=btnLogin</arg>
</arguments>
<msg timestamp="20191210 00:47:18.134" level="INFO">Clicking button 'id=btnLogin'.</msg>
<status status="PASS" starttime="20191210 00:47:18.134" endtime="20191210 00:47:22.341"></status>
</kw>
<status status="PASS" starttime="20191210 00:47:17.953" endtime="20191210 00:47:22.342"></status>
</kw>
<kw name="Sleep" library="BuiltIn">
<doc>Pauses the test executed for the given time.</doc>
<arguments>
<arg>5</arg>
</arguments>
<msg timestamp="20191210 00:47:27.346" level="INFO">Slept 5 seconds</msg>
<status status="PASS" starttime="20191210 00:47:22.343" endtime="20191210 00:47:27.347"></status>
</kw>
<kw name="Click Element" library="SeleniumLibrary">
<doc>Click the element identified by ``locator``.</doc>
<arguments>
<arg>id=welcome</arg>
</arguments>
<msg timestamp="20191210 00:47:27.351" level="INFO">Clicking element 'id=welcome'.</msg>
<status status="PASS" starttime="20191210 00:47:27.348" endtime="20191210 00:47:27.556"></status>
</kw>
<kw name="Click Link" library="SeleniumLibrary">
<doc>Clicks a link identified by ``locator``.</doc>
<arguments>
<arg>link=Logout</arg>
</arguments>
<msg timestamp="20191210 00:47:27.558" level="INFO">Clicking link 'link=Logout'.</msg>
<status status="PASS" starttime="20191210 00:47:27.557" endtime="20191210 00:47:29.180"></status>
</kw>
<kw name="Log" library="BuiltIn">
<doc>Logs the given message with the given level.</doc>
<arguments>
<arg>Login than Logout from OrangeHRM</arg>
</arguments>
<msg timestamp="20191210 00:47:29.185" level="INFO">Login than Logout from OrangeHRM</msg>
<status status="PASS" starttime="20191210 00:47:29.183" endtime="20191210 00:47:29.186"></status>
</kw>
<kw name="Log" library="BuiltIn">
<doc>Logs the given message with the given level.</doc>
<arguments>
<arg>this test executed by %{username} in %{os}</arg>
</arguments>
<msg timestamp="20191210 00:47:29.189" level="INFO">this test executed by Administrator in Windows_NT</msg>
<status status="PASS" starttime="20191210 00:47:29.188" endtime="20191210 00:47:29.189"></status>
</kw>
<kw name="Close Browser" library="SeleniumLibrary" type="teardown">
<doc>Closes the current browser.</doc>
<status status="PASS" starttime="20191210 00:47:29.191" endtime="20191210 00:47:31.368"></status>
</kw>
<doc>This is my first sample test for login</doc>
<tags>
<tag>Sanity</tag>
</tags>
<status status="PASS" starttime="20191210 00:47:08.913" endtime="20191210 00:47:31.369" critical="yes"></status>
</test>
<status status="PASS" starttime="20191210 00:47:08.582" endtime="20191210 00:47:31.373"></status>
</suite>
<status status="PASS" starttime="20191210 00:47:08.578" endtime="20191210 00:47:31.381"></status>
</suite>
<status status="PASS" starttime="20191210 00:47:08.529" endtime="20191210 00:47:31.386"></status>
</suite>
<statistics>
<total>
<stat pass="1" fail="0">Critical Tests</stat>
<stat pass="1" fail="0">All Tests</stat>
</total>
<tag>
<stat pass="1" fail="0">Sanity</stat>
</tag>
<suite>
<stat pass="1" fail="0" id="s1" name="RobotProject1">RobotProject1</stat>
<stat pass="1" fail="0" id="s1-s1" name="Test1">RobotProject1.Test1</stat>
<stat pass="1" fail="0" id="s1-s1-s1" name="TestSuite1">RobotProject1.Test1.TestSuite1</stat>
</suite>
</statistics>
<errors>
</errors>
</robot>
